ChickenInvasion/android/build/outputs/logs/manifest-merger-debug-report.txt
-- Merging decision tree log ---
manifest
ADDED from ChickenInvasion\android\AndroidManifest.xml:2:1-58:12
	package
		ADDED from ChickenInvasion\android\AndroidManifest.xml:3:5-35
		INJECTED from ChickenInvasion\android\AndroidManifest.xml
		INJECTED from ChickenInvasion\android\AndroidManifest.xml
	android:versionName
		ADDED from ChickenInvasion\android\AndroidManifest.xml:5:5-30
		INJECTED from ChickenInvasion\android\AndroidManifest.xml
		INJECTED from ChickenInvasion\android\AndroidManifest.xml
	android:versionCode
		ADDED from ChickenInvasion\android\AndroidManifest.xml:4:5-28
		INJECTED from ChickenInvasion\android\AndroidManifest.xml
		INJECTED from ChickenInvasion\android\AndroidManifest.xml
	xmlns:android
		ADDED from ChickenInvasion\android\AndroidManifest.xml:2:11-69
uses-sdk
ADDED from ChickenInvasion\android\AndroidManifest.xml:7:5-74
MERGED from [com.android.support:cardview-v7:23.4.0] AndroidManifest.xml:20:5-43
MERGED from [com.android.support:appcompat-v7:23.0.0] AndroidManifest.xml:20:5-43
MERGED from [com.android.support:support-v4:23.4.0] AndroidManifest.xml:20:5-43
MERGED from [com.android.support:recyclerview-v7:23.0.0] AndroidManifest.xml:20:5-43
MERGED from [com.android.support:support-v4:23.4.0] AndroidManifest.xml:20:5-43
MERGED from [com.facebook.android:facebook-android-sdk:4.15.0] AndroidManifest.xml:24:5-26:41
MERGED from [com.android.support:cardview-v7:23.4.0] AndroidManifest.xml:20:5-43
MERGED from [com.android.support:support-v4:23.4.0] AndroidManifest.xml:20:5-43
MERGED from [com.android.support:customtabs:23.4.0] AndroidManifest.xml:20:5-44
MERGED from [com.android.support:support-v4:23.4.0] AndroidManifest.xml:20:5-43
MERGED from [pl.droidsonroids.gif:android-gif-drawable:1.1.15] AndroidManifest.xml:7:5-9:41
	android:targetSdkVersion
		ADDED from ChickenInvasion\android\AndroidManifest.xml:7:42-71
		INJECTED from ChickenInvasion\android\AndroidManifest.xml
		INJECTED from ChickenInvasion\android\AndroidManifest.xml
	android:minSdkVersion
		ADDED from ChickenInvasion\android\AndroidManifest.xml:7:15-41
		INJECTED from ChickenInvasion\android\AndroidManifest.xml
		INJECTED from ChickenInvasion\android\AndroidManifest.xml
uses-feature#android.hardware.camera2
ADDED from ChickenInvasion\android\AndroidManifest.xml:8:5-74
	android:name
		ADDED from ChickenInvasion\android\AndroidManifest.xml:8:19-58
uses-permission#android.permission.WRITE_EXTERNAL_STORAGE
ADDED from ChickenInvasion\android\AndroidManifest.xml:9:5-97
	android:name
		ADDED from ChickenInvasion\android\AndroidManifest.xml:9:22-78
uses-permission#android.permission.INTERNET
ADDED from ChickenInvasion\android\AndroidManifest.xml:10:5-66
	android:name
		ADDED from ChickenInvasion\android\AndroidManifest.xml:10:22-64
application
ADDED from ChickenInvasion\android\AndroidManifest.xml:13:5-56:19
MERGED from [com.android.support:cardview-v7:23.4.0] AndroidManifest.xml:22:5-20
MERGED from [com.android.support:appcompat-v7:23.0.0] AndroidManifest.xml:22:5-20
MERGED from [com.android.support:support-v4:23.4.0] AndroidManifest.xml:22:5-20
MERGED from [com.android.support:support-v4:23.4.0] AndroidManifest.xml:22:5-20
MERGED from [com.facebook.android:facebook-android-sdk:4.15.0] AndroidManifest.xml:28:5-38:19
MERGED from [com.android.support:cardview-v7:23.4.0] AndroidManifest.xml:22:5-20
MERGED from [com.android.support:support-v4:23.4.0] AndroidManifest.xml:22:5-20
MERGED from [com.android.support:customtabs:23.4.0] AndroidManifest.xml:22:5-20
MERGED from [com.android.support:support-v4:23.4.0] AndroidManifest.xml:22:5-20
	android:label
		ADDED from ChickenInvasion\android\AndroidManifest.xml:16:9-41
	android:allowBackup
		ADDED from ChickenInvasion\android\AndroidManifest.xml:14:9-35
	android:icon
		ADDED from ChickenInvasion\android\AndroidManifest.xml:15:9-45
	android:theme
		ADDED from ChickenInvasion\android\AndroidManifest.xml:17:9-40
	android:name
		ADDED from ChickenInvasion\android\AndroidManifest.xml:18:9-38
activity#com.chicken.invasion.activities.SplashScreen
ADDED from ChickenInvasion\android\AndroidManifest.xml:19:9-27:20
	android:screenOrientation
		ADDED from ChickenInvasion\android\AndroidManifest.xml:22:13-49
	android:label
		ADDED from ChickenInvasion\android\AndroidManifest.xml:21:13-45
	android:name
		ADDED from ChickenInvasion\android\AndroidManifest.xml:20:13-52
intent-filter#android.intent.action.MAIN+android.intent.category.LAUNCHER
ADDED from ChickenInvasion\android\AndroidManifest.xml:23:13-26:29
action#android.intent.action.MAIN
ADDED from ChickenInvasion\android\AndroidManifest.xml:24:17-69
	android:name
		ADDED from ChickenInvasion\android\AndroidManifest.xml:24:25-66
category#android.intent.category.LAUNCHER
ADDED from ChickenInvasion\android\AndroidManifest.xml:25:17-77
	android:name
		ADDED from ChickenInvasion\android\AndroidManifest.xml:25:27-74
activity#com.chicken.invasion.AndroidLauncher
ADDED from ChickenInvasion\android\AndroidManifest.xml:28:9-32:20
	android:screenOrientation
		ADDED from ChickenInvasion\android\AndroidManifest.xml:30:13-49
	android:configChanges
		ADDED from ChickenInvasion\android\AndroidManifest.xml:31:13-83
	android:name
		ADDED from ChickenInvasion\android\AndroidManifest.xml:29:13-64
activity#com.chicken.invasion.activities.HighScore
ADDED from ChickenInvasion\android\AndroidManifest.xml:33:9-36:20
	android:label
		ADDED from ChickenInvasion\android\AndroidManifest.xml:35:13-39
	android:name
		ADDED from ChickenInvasion\android\AndroidManifest.xml:34:13-69
activity#com.chicken.invasion.activities.BackgroundStore
ADDED from ChickenInvasion\android\AndroidManifest.xml:37:9-40:20
	android:label
		ADDED from ChickenInvasion\android\AndroidManifest.xml:39:13-45
	android:name
		ADDED from ChickenInvasion\android\AndroidManifest.xml:38:13-75
activity#com.chicken.invasion.activities.WeaponStore
ADDED from ChickenInvasion\android\AndroidManifest.xml:41:9-44:20
	android:label
		ADDED from ChickenInvasion\android\AndroidManifest.xml:43:13-41
	android:name
		ADDED from ChickenInvasion\android\AndroidManifest.xml:42:13-71
activity#com.chicken.invasion.activities.InputName
ADDED from ChickenInvasion\android\AndroidManifest.xml:45:9-46:20
	android:name
		ADDED from ChickenInvasion\android\AndroidManifest.xml:45:19-55
activity#com.facebook.FacebookActivity
ADDED from ChickenInvasion\android\AndroidManifest.xml:47:9-51:48
MERGED from [com.facebook.android:facebook-android-sdk:4.15.0] AndroidManifest.xml:29:9-32:75
	android:label
		ADDED from ChickenInvasion\android\AndroidManifest.xml:51:13-45
	android:configChanges
		ADDED from ChickenInvasion\android\AndroidManifest.xml:48:13-114
	android:theme
		ADDED from ChickenInvasion\android\AndroidManifest.xml:50:13-72
	android:name
		ADDED from ChickenInvasion\android\AndroidManifest.xml:47:19-63
meta-data#com.facebook.sdk.ApplicationId
ADDED from ChickenInvasion\android\AndroidManifest.xml:52:9-107
	android:value
		ADDED from ChickenInvasion\android\AndroidManifest.xml:52:66-105
	android:name
		ADDED from ChickenInvasion\android\AndroidManifest.xml:52:20-65
provider#com.facebook.FacebookContentProvider
ADDED from ChickenInvasion\android\AndroidManifest.xml:53:9-55:38
	android:authorities
		ADDED from ChickenInvasion\android\AndroidManifest.xml:53:19-96
	android:exported
		ADDED from ChickenInvasion\android\AndroidManifest.xml:55:13-36
	android:name
		ADDED from ChickenInvasion\android\AndroidManifest.xml:54:13-64
activity#com.facebook.CustomTabActivity
ADDED from [com.facebook.android:facebook-android-sdk:4.15.0] AndroidManifest.xml:33:9-36:20
	android:exported
		ADDED from [com.facebook.android:facebook-android-sdk:4.15.0] AndroidManifest.xml:35:13-36
	android:name
		ADDED from [com.facebook.android:facebook-android-sdk:4.15.0] AndroidManifest.xml:34:13-58
activity#com.facebook.CustomTabMainActivity
ADDED from [com.facebook.android:facebook-android-sdk:4.15.0] AndroidManifest.xml:37:9-71
	android:name
		ADDED from [com.facebook.android:facebook-android-sdk:4.15.0] AndroidManifest.xml:37:19-68